<?xml version="1.0" encoding="UTF-8"?>
<!-- Generated by org.testng.reporters.JUnitReportReporter -->
<testsuite hostname="LAPTOP-U9JM6QUT" failures="0" tests="1" name="CrudOperations.DeletProject" time="1.257" errors="0" timestamp="25 Oct 2022 12:21:14 GMT" skipped="0">
  <testcase classname="CrudOperations.DeletProject" name="creatProject" time="1.257"/>
</testsuite> <!-- CrudOperations.DeletProject -->
