<?xml version="1.0" encoding="UTF-8"?>
<!-- Generated by org.testng.reporters.JUnitReportReporter -->
<testsuite hostname="LAPTOP-U9JM6QUT" failures="0" tests="1" name="com.rmgyantra.Different_Ways_To_Post.CreateProjectByJsonTest" time="1.726" errors="0" timestamp="25 Oct 2022 12:46:19 GMT" skipped="0">
  <testcase classname="com.rmgyantra.Different_Ways_To_Post.CreateProjectByJsonTest" name="creatProject" time="1.726"/>
</testsuite> <!-- com.rmgyantra.Different_Ways_To_Post.CreateProjectByJsonTest -->
