<?xml version="1.0" encoding="UTF-8"?>
<!-- Generated by org.testng.reporters.JUnitReportReporter -->
<testsuite hostname="LAPTOP-U9JM6QUT" failures="0" tests="1" name="com.rmgyantra.ParameterTest.GetDelParameters" time="1.586" errors="0" timestamp="26 Oct 2022 12:15:58 GMT" skipped="0">
  <testcase classname="com.rmgyantra.ParameterTest.GetDelParameters" name="getParam" time="1.586"/>
</testsuite> <!-- com.rmgyantra.ParameterTest.GetDelParameters -->
