<?xml version="1.0" encoding="UTF-8"?>
<!-- Generated by org.testng.reporters.JUnitReportReporter -->
<testsuite hostname="LAPTOP-U9JM6QUT" failures="0" tests="1" name="com.rmgyantra.ParameterTest.CreateTheProjectScenario1" time="1.856" errors="0" timestamp="27 Oct 2022 12:23:39 GMT" skipped="0">
  <testcase classname="com.rmgyantra.ParameterTest.CreateTheProjectScenario1" name="createGetVerify" time="1.856"/>
</testsuite> <!-- com.rmgyantra.ParameterTest.CreateTheProjectScenario1 -->
