<?xml version="1.0" encoding="UTF-8"?>
<!-- Generated by org.testng.reporters.JUnitReportReporter -->
<testsuite hostname="LAPTOP-U9JM6QUT" failures="0" tests="1" name="com.rmgyantra.EndToEndSenario.EndToEndScenario" time="1.930" errors="0" timestamp="2022-10-28T14:52:07 IST" skipped="0">
  <testcase classname="com.rmgyantra.EndToEndSenario.EndToEndScenario" name="endToEndscenario" time="1.930"/>
  <system-out/>
</testsuite> <!-- com.rmgyantra.EndToEndSenario.EndToEndScenario -->
