<?xml version="1.0" encoding="UTF-8"?>
<!-- Generated by org.testng.reporters.JUnitReportReporter -->
<testsuite hostname="LAPTOP-U9JM6QUT" failures="0" tests="1" name="com.rmgyantra.CRUD_With_BDD.GetProjectTest" time="1.124" errors="0" timestamp="26 Oct 2022 11:29:24 GMT" skipped="0">
  <testcase classname="com.rmgyantra.CRUD_With_BDD.GetProjectTest" name="getData" time="1.124"/>
</testsuite> <!-- com.rmgyantra.CRUD_With_BDD.GetProjectTest -->
