<?xml version="1.0" encoding="UTF-8"?>
<!-- Generated by org.testng.reporters.JUnitReportReporter -->
<testsuite hostname="LAPTOP-U9JM6QUT" failures="0" tests="1" name="com.rmgyantra.ParameterTest.PathParameters" time="1.193" errors="0" timestamp="26 Oct 2022 11:30:37 GMT" skipped="0">
  <testcase classname="com.rmgyantra.ParameterTest.PathParameters" name="pathParameter" time="1.193"/>
</testsuite> <!-- com.rmgyantra.ParameterTest.PathParameters -->
