<?xml version="1.0" encoding="UTF-8"?>
<!-- Generated by org.testng.reporters.JUnitReportReporter -->
<testsuite hostname="LAPTOP-U9JM6QUT" failures="0" tests="1" name="CrudOperations.GetProjectTest" time="1.110" errors="0" timestamp="25 Oct 2022 12:16:29 GMT" skipped="0">
  <testcase classname="CrudOperations.GetProjectTest" name="getData" time="1.110"/>
</testsuite> <!-- CrudOperations.GetProjectTest -->
