<?xml version="1.0" encoding="UTF-8"?>
<!-- Generated by org.testng.reporters.JUnitReportReporter -->
<testsuite hostname="LAPTOP-U9JM6QUT" failures="0" tests="1" name="com.rmgyantra.CRUD_Without_BDD.UpdateRequest" time="1.401" errors="0" timestamp="25 Oct 2022 15:49:08 GMT" skipped="0">
  <testcase classname="com.rmgyantra.CRUD_Without_BDD.UpdateRequest" name="updateProject" time="1.401"/>
</testsuite> <!-- com.rmgyantra.CRUD_Without_BDD.UpdateRequest -->
