<?xml version="1.0" encoding="UTF-8"?>
<!-- Generated by org.testng.reporters.JUnitReportReporter -->
<testsuite hostname="LAPTOP-U9JM6QUT" failures="0" tests="1" name="com.rmgyantra.ParameterTest.PostParams" time="1.731" errors="0" timestamp="26 Oct 2022 17:03:09 GMT" skipped="0">
  <testcase classname="com.rmgyantra.ParameterTest.PostParams" name="postParams" time="1.731"/>
</testsuite> <!-- com.rmgyantra.ParameterTest.PostParams -->
