<?xml version="1.0" encoding="UTF-8"?>
<!-- Generated by org.testng.reporters.JUnitReportReporter -->
<testsuite hostname="LAPTOP-U9JM6QUT" failures="0" tests="1" name="com.rmgAuthenticatioon.OAuthTest" time="2.821" errors="0" timestamp="27 Oct 2022 11:00:39 GMT" skipped="0">
  <testcase classname="com.rmgAuthenticatioon.OAuthTest" name="auTho" time="2.821"/>
</testsuite> <!-- com.rmgAuthenticatioon.OAuthTest -->
