<?xml version="1.0" encoding="UTF-8"?>
<!-- Generated by org.testng.reporters.JUnitReportReporter -->
<testsuite hostname="LAPTOP-U9JM6QUT" failures="0" tests="1" name="com.rmgyantra.ParameterTest.PostAndPutParams" time="1.738" errors="0" timestamp="26 Oct 2022 17:08:39 GMT" skipped="0">
  <testcase classname="com.rmgyantra.ParameterTest.PostAndPutParams" name="postPutParama" time="1.738"/>
</testsuite> <!-- com.rmgyantra.ParameterTest.PostAndPutParams -->
