<?xml version="1.0" encoding="UTF-8"?>
<!-- Generated by org.testng.reporters.JUnitReportReporter -->
<testsuite hostname="LAPTOP-U9JM6QUT" failures="0" tests="1" name="com.rmgyantra.Validation.DynamicValidation" time="1.672" errors="0" timestamp="26 Oct 2022 10:18:37 GMT" skipped="0">
  <testcase classname="com.rmgyantra.Validation.DynamicValidation" name="dynamicValidation" time="1.672"/>
</testsuite> <!-- com.rmgyantra.Validation.DynamicValidation -->
