<?xml version="1.0" encoding="UTF-8"?>
<!-- Generated by org.testng.reporters.JUnitReportReporter -->
<testsuite hostname="LAPTOP-U9JM6QUT" failures="0" tests="1" name="com.rmgyantra.Validation.StaticValidation" time="1.714" errors="0" timestamp="26 Oct 2022 10:18:16 GMT" skipped="0">
  <testcase classname="com.rmgyantra.Validation.StaticValidation" name="saticValid" time="1.714"/>
</testsuite> <!-- com.rmgyantra.Validation.StaticValidation -->
