<?xml version="1.0" encoding="UTF-8"?>
<!-- Generated by org.testng.reporters.JUnitReportReporter -->
<testsuite hostname="LAPTOP-U9JM6QUT" failures="0" tests="1" name="CrudOperations.CreatingProject" time="1.238" errors="0" timestamp="25 Oct 2022 12:16:53 GMT" skipped="0">
  <testcase classname="CrudOperations.CreatingProject" name="createProject" time="1.238"/>
</testsuite> <!-- CrudOperations.CreatingProject -->
