<?xml version="1.0" encoding="UTF-8"?>
<!-- Generated by org.testng.reporters.JUnitReportReporter -->
<testsuite hostname="LAPTOP-U9JM6QUT" failures="0" tests="1" name="com.rmgyantra.ParameterTest.QueryParameterTest" time="2.000" errors="0" timestamp="26 Oct 2022 11:22:20 GMT" skipped="0">
  <testcase classname="com.rmgyantra.ParameterTest.QueryParameterTest" name="queryParams" time="2.000"/>
</testsuite> <!-- com.rmgyantra.ParameterTest.QueryParameterTest -->
