<?xml version="1.0" encoding="UTF-8"?>
<!-- Generated by org.testng.reporters.JUnitReportReporter -->
<testsuite hostname="LAPTOP-U9JM6QUT" failures="0" tests="1" name="CrudOperations.CreateUpdate" time="1.510" errors="0" timestamp="25 Oct 2022 11:56:52 GMT" skipped="0">
  <testcase classname="CrudOperations.CreateUpdate" name="creatProject" time="1.510"/>
</testsuite> <!-- CrudOperations.CreateUpdate -->
