<?xml version="1.0" encoding="UTF-8"?>
<!-- Generated by org.testng.reporters.JUnitReportReporter -->
<testsuite hostname="LAPTOP-U9JM6QUT" failures="0" tests="1" name="com.rmgyantra.ParameterTest.CreateUpdateDeleTest" time="2.287" errors="0" timestamp="27 Oct 2022 17:30:28 GMT" skipped="0">
  <testcase classname="com.rmgyantra.ParameterTest.CreateUpdateDeleTest" name="createUpdateDel" time="2.287"/>
</testsuite> <!-- com.rmgyantra.ParameterTest.CreateUpdateDeleTest -->
