<?xml version="1.0" encoding="UTF-8"?>
<!-- Generated by org.testng.reporters.JUnitReportReporter -->
<testsuite hostname="LAPTOP-U9JM6QUT" failures="0" tests="2" name="com.rmgyantra.Different_Ways_To_Post.CreatingProjectUsingPOJOClass" time="1.535" errors="0" timestamp="26 Oct 2022 07:38:36 GMT" skipped="0">
  <testcase classname="com.rmgyantra.Different_Ways_To_Post.CreatingProjectUsingPOJOClass" name="creatingProject" time="0.034"/>
  <testcase classname="com.rmgyantra.Different_Ways_To_Post.CreatingProjectUsingPOJOClass" name="creatingProject" time="1.501"/>
</testsuite> <!-- com.rmgyantra.Different_Ways_To_Post.CreatingProjectUsingPOJOClass -->
