<?xml version="1.0" encoding="UTF-8"?>
<!-- Generated by org.testng.reporters.JUnitReportReporter -->
<testsuite hostname="LAPTOP-U9JM6QUT" failures="0" tests="1" name="com.rmgyantra.Different_Ways_To_Post.CreatingProjectOfJsonFileTest" time="1.272" errors="0" timestamp="26 Oct 2022 07:01:49 GMT" skipped="0">
  <testcase classname="com.rmgyantra.Different_Ways_To_Post.CreatingProjectOfJsonFileTest" name="CreateJson" time="1.272"/>
</testsuite> <!-- com.rmgyantra.Different_Ways_To_Post.CreatingProjectOfJsonFileTest -->
