<?xml version="1.0" encoding="UTF-8"?>
<!-- Generated by org.testng.reporters.JUnitReportReporter -->
<testsuite hostname="LAPTOP-U9JM6QUT" failures="0" tests="1" name="com.rmgyantra.EndToEndSenario.EndtoEndSen2" time="1.751" errors="0" timestamp="2022-10-28T15:32:58 IST" skipped="0">
  <testcase classname="com.rmgyantra.EndToEndSenario.EndtoEndSen2" name="endToEndscenario" time="1.751"/>
  <system-out/>
</testsuite> <!-- com.rmgyantra.EndToEndSenario.EndtoEndSen2 -->
