<?xml version="1.0" encoding="UTF-8"?>
<!-- Generated by org.testng.reporters.JUnitReportReporter -->
<testsuite hostname="LAPTOP-U9JM6QUT" failures="0" tests="1" name="com.rmgyantra.CRUD_With_BDD.PatchUpdate" time="2.444" errors="0" timestamp="25 Oct 2022 17:39:51 GMT" skipped="0">
  <testcase classname="com.rmgyantra.CRUD_With_BDD.PatchUpdate" name="creatProject" time="2.444"/>
</testsuite> <!-- com.rmgyantra.CRUD_With_BDD.PatchUpdate -->
