<?xml version="1.0" encoding="UTF-8"?>
<!-- Generated by org.testng.reporters.JUnitReportReporter -->
<testsuite hostname="LAPTOP-U9JM6QUT" failures="0" tests="1" name="com.rmgAuthenticatioon.BasicAuthentication" time="1.378" errors="0" timestamp="27 Oct 2022 09:54:18 GMT" skipped="0">
  <testcase classname="com.rmgAuthenticatioon.BasicAuthentication" name="basicAuth" time="1.378"/>
</testsuite> <!-- com.rmgAuthenticatioon.BasicAuthentication -->
